<?xml version="1.0" encoding="UTF-8"?>
<!-- Generated by org.testng.reporters.JUnitReportReporter -->
<testsuite hostname="DESKTOP-JBAUR5J" failures="0" tests="16" name="com.InterestAmount.Testcases.LoanTenureCalculatorUICheckTestCases" time="67.144" errors="0" timestamp="2021-04-19T04:43:02 IST" skipped="0">
  <testcase classname="com.InterestAmount.Testcases.LoanTenureCalculatorUICheckTestCases" name="openBrowsertestCase" time="15.168"/>
  <system-out/>
  <testcase classname="com.InterestAmount.Testcases.LoanTenureCalculatorUICheckTestCases" name="testloanTenurenavigate" time="7.474"/>
  <system-out/>
  <testcase classname="com.InterestAmount.Testcases.LoanTenureCalculatorUICheckTestCases" name="testloanAmountslider" time="0.130"/>
  <system-out/>
  <testcase classname="com.InterestAmount.Testcases.LoanTenureCalculatorUICheckTestCases" name="testloanAmountslidercheck" time="10.589"/>
  <system-out/>
  <testcase classname="com.InterestAmount.Testcases.LoanTenureCalculatorUICheckTestCases" name="testEMItextbox" time="0.250"/>
  <system-out/>
  <testcase classname="com.InterestAmount.Testcases.LoanTenureCalculatorUICheckTestCases" name="testfeeslidercheck" time="10.548"/>
  <system-out/>
  <testcase classname="com.InterestAmount.Testcases.LoanTenureCalculatorUICheckTestCases" name="testloantermslider" time="0.147"/>
  <system-out/>
  <testcase classname="com.InterestAmount.Testcases.LoanTenureCalculatorUICheckTestCases" name="testfeechargestextbox" time="0.178"/>
  <system-out/>
  <testcase classname="com.InterestAmount.Testcases.LoanTenureCalculatorUICheckTestCases" name="testemislidercheck" time="9.035"/>
  <system-out/>
  <testcase classname="com.InterestAmount.Testcases.LoanTenureCalculatorUICheckTestCases" name="testinterestRatetextbox" time="0.801"/>
  <system-out/>
  <testcase classname="com.InterestAmount.Testcases.LoanTenureCalculatorUICheckTestCases" name="testloantermslidercheck" time="10.605"/>
  <system-out/>
  <testcase classname="com.InterestAmount.Testcases.LoanTenureCalculatorUICheckTestCases" name="testemislider" time="1.174"/>
  <system-out/>
  <testcase classname="com.InterestAmount.Testcases.LoanTenureCalculatorUICheckTestCases" name="testloanAmounttextbox" time="0.127"/>
  <system-out/>
  <testcase classname="com.InterestAmount.Testcases.LoanTenureCalculatorUICheckTestCases" name="testfeechargesslider" time="0.216"/>
  <system-out/>
  <testcase classname="com.InterestAmount.Testcases.LoanTenureCalculatorUICheckTestCases" name="testclose" time="0.429"/>
  <system-out/>
  <testcase classname="com.InterestAmount.Testcases.LoanTenureCalculatorUICheckTestCases" name="testendReport" time="0.273"/>
  <system-out/>
</testsuite> <!-- com.InterestAmount.Testcases.LoanTenureCalculatorUICheckTestCases -->
