<?xml version="1.0" encoding="UTF-8"?>
<!-- Generated by org.testng.reporters.JUnitReportReporter -->
<testsuite hostname="DESKTOP-JBAUR5J" failures="0" tests="5" name="com.InterestAmount.Testcases.HomeLoanCalculatorTestCases" time="36.968" errors="0" timestamp="2021-04-19T04:43:02 IST" skipped="0">
  <testcase classname="com.InterestAmount.Testcases.HomeLoanCalculatorTestCases" name="testopenBrowser" time="19.992"/>
  <system-out/>
  <testcase classname="com.InterestAmount.Testcases.HomeLoanCalculatorTestCases" name="testHomeEmi" time="3.081"/>
  <system-out/>
  <testcase classname="com.InterestAmount.Testcases.HomeLoanCalculatorTestCases" name="testdataexport" time="9.492"/>
  <system-out/>
  <testcase classname="com.InterestAmount.Testcases.HomeLoanCalculatorTestCases" name="close" time="4.168"/>
  <system-out/>
  <testcase classname="com.InterestAmount.Testcases.HomeLoanCalculatorTestCases" name="endReport" time="0.235"/>
  <system-out/>
</testsuite> <!-- com.InterestAmount.Testcases.HomeLoanCalculatorTestCases -->
